终端机在文法中未使用

    ERROR


状态 11冲突：2 项偏移/归约
状态 19冲突：2 项偏移/归约
状态 112冲突：10 项偏移/归约
状态 147冲突：9 项偏移/归约


语法

    0 $accept: program $end

    1 program: class_list

    2 class_list: class
    3           | class_list class

    4 class: CLASS TYPEID '{' features '}' ';'
    5      | CLASS TYPEID INHERITS TYPEID '{' features '}' ';'
    6      | error ';'

    7 features: ε
    8         | feature
    9         | features feature

   10 feature: method_declaration ';'
   11        | attribute_declaration ';'
   12        | error ';'

   13 method_declaration: OBJECTID '(' formals ')' ':' TYPEID '{' expression '}'

   14 attribute_declaration: OBJECTID ':' TYPEID
   15                      | OBJECTID ':' TYPEID ASSIGN '{' expression '}'
   16                      | OBJECTID ':' TYPEID ASSIGN expression

   17 formals: ε
   18        | formal
   19        | formals ',' formal

   20 formal: OBJECTID ':' TYPEID

   21 expression: OBJECTID ASSIGN expression
   22           | dispatch_expression
   23           | LET let_expression
   24           | IF expression THEN expression
   25           | IF expression THEN expression ELSE expression FI
   26           | WHILE expression LOOP expression POOL
   27           | '{' block_expressions '}'
   28           | CASE expression OF branches ESAC
   29           | NEW TYPEID
   30           | ISVOID expression
   31           | expression '+' expression
   32           | expression '-' expression
   33           | expression '*' expression
   34           | expression '/' expression
   35           | '~' expression
   36           | NOT expression
   37           | expression LE expression
   38           | expression '<' expression
   39           | expression '=' expression
   40           | '(' expression ')'
   41           | INT_CONST
   42           | STR_CONST
   43           | BOOL_CONST
   44           | OBJECTID

   45 block_expressions: block_expression
   46                  | block_expressions block_expression
   47                  | error ';'

   48 block_expression: expression ';'

   49 branches: branch
   50         | branches branch

   51 branch: OBJECTID ':' TYPEID DARROW expression ';'

   52 arguments_expressions: ',' expression
   53                      | arguments_expressions ',' expression

   54 let_expression: OBJECTID ':' TYPEID let_assign IN expression
   55               | OBJECTID ':' TYPEID let_assign ',' let_expression
   56               | error ','

   57 let_assign: ε
   58           | ASSIGN expression

   59 dispatch_expression: OBJECTID '(' ')'
   60                    | OBJECTID '(' expression ')'
   61                    | OBJECTID '(' expression arguments_expressions ')'
   62                    | expression '.' OBJECTID '(' ')'
   63                    | expression '.' OBJECTID '(' expression ')'
   64                    | expression '.' OBJECTID '(' expression arguments_expressions ')'
   65                    | expression '@' TYPEID '.' OBJECTID '(' ')'
   66                    | expression '@' TYPEID '.' OBJECTID '(' expression ')'
   67                    | expression '@' TYPEID '.' OBJECTID '(' expression arguments_expressions ')'


终结语词，附有它们出现处的规则

    $end (0) 0
    '(' (40) 13 40 59 60 61 62 63 64 65 66 67
    ')' (41) 13 40 59 60 61 62 63 64 65 66 67
    '*' (42) 33
    '+' (43) 31
    ',' (44) 19 52 53 55 56
    '-' (45) 32
    '.' (46) 62 63 64 65 66 67
    '/' (47) 34
    ':' (58) 13 14 15 16 20 51 54 55
    ';' (59) 4 5 6 10 11 12 47 48 51
    '<' (60) 38
    '=' (61) 39
    '@' (64) 65 66 67
    '{' (123) 4 5 13 15 27
    '}' (125) 4 5 13 15 27
    '~' (126) 35
    error (256) 6 12 47 56
    CLASS (258) 4 5
    ELSE (259) 25
    FI (260) 25
    IF (261) 24 25
    IN (262) 54
    INHERITS (263) 5
    LET (264) 23
    LOOP (265) 26
    POOL (266) 26
    THEN (267) 24 25
    WHILE (268) 26
    CASE (269) 28
    ESAC (270) 28
    OF (271) 28
    DARROW (272) 51
    NEW (273) 29
    ISVOID (274) 30
    STR_CONST <symbol> (275) 42
    INT_CONST <symbol> (276) 41
    BOOL_CONST <boolean> (277) 43
    TYPEID <symbol> (278) 4 5 13 14 15 16 20 29 51 54 55 65 66 67
    OBJECTID <symbol> (279) 13 14 15 16 20 21 44 51 54 55 59 60 61 62 63 64 65 66 67
    ASSIGN (280) 15 16 21 58
    NOT (281) 36
    LE (282) 37
    ERROR (283)


非终结语词，附有它们出现处的规则

    $accept (45)
        on left: 0
    program <program> (46)
        on left: 1
        on right: 0
    class_list <classes> (47)
        on left: 2 3
        on right: 1 3
    class <class_> (48)
        on left: 4 5 6
        on right: 2 3
    features <features> (49)
        on left: 7 8 9
        on right: 4 5 9
    feature <feature> (50)
        on left: 10 11 12
        on right: 8 9
    method_declaration <feature> (51)
        on left: 13
        on right: 10
    attribute_declaration <feature> (52)
        on left: 14 15 16
        on right: 11
    formals <formals> (53)
        on left: 17 18 19
        on right: 13 19
    formal <formal> (54)
        on left: 20
        on right: 18 19
    expression <expression> (55)
        on left: 21 22 23 24 25 26 27 28 29 30 31 32 33 34 35 36 37 38 39 40 41 42 43 44
        on right: 13 15 16 21 24 25 26 28 30 31 32 33 34 35 36 37 38 39 40 48 51 52 53 54 58 60 61 62 63 64 65 66 67
    block_expressions <expressions> (56)
        on left: 45 46 47
        on right: 27 46
    block_expression <expression> (57)
        on left: 48
        on right: 45 46
    branches <cases> (58)
        on left: 49 50
        on right: 28 50
    branch <case_> (59)
        on left: 51
        on right: 49 50
    arguments_expressions <expressions> (60)
        on left: 52 53
        on right: 53 61 64 67
    let_expression <expression> (61)
        on left: 54 55 56
        on right: 23 55
    let_assign <expression> (62)
        on left: 57 58
        on right: 54 55
    dispatch_expression <expression> (63)
        on left: 59 60 61 62 63 64 65 66 67
        on right: 22


状态 0

    0 $accept: • program $end

    error  偏移，并进入状态 1
    CLASS  偏移，并进入状态 2

    program     转到状态 3
    class_list  转到状态 4
    class       转到状态 5


状态 1

    6 class: error • ';'

    ';'  偏移，并进入状态 6


状态 2

    4 class: CLASS • TYPEID '{' features '}' ';'
    5      | CLASS • TYPEID INHERITS TYPEID '{' features '}' ';'

    TYPEID  偏移，并进入状态 7


状态 3

    0 $accept: program • $end

    $end  偏移，并进入状态 8


状态 4

    1 program: class_list •
    3 class_list: class_list • class

    error  偏移，并进入状态 1
    CLASS  偏移，并进入状态 2

    $end  使用规则 1 以归约 (program)

    class  转到状态 9


状态 5

    2 class_list: class •

    $default  使用规则 2 以归约 (class_list)


状态 6

    6 class: error ';' •

    $default  使用规则 6 以归约 (class)


状态 7

    4 class: CLASS TYPEID • '{' features '}' ';'
    5      | CLASS TYPEID • INHERITS TYPEID '{' features '}' ';'

    INHERITS  偏移，并进入状态 10
    '{'       偏移，并进入状态 11


状态 8

    0 $accept: program $end •

    $default  接受


状态 9

    3 class_list: class_list class •

    $default  使用规则 3 以归约 (class_list)


状态 10

    5 class: CLASS TYPEID INHERITS • TYPEID '{' features '}' ';'

    TYPEID  偏移，并进入状态 12


状态 11

    4 class: CLASS TYPEID '{' • features '}' ';'

    error     偏移，并进入状态 13
    OBJECTID  偏移，并进入状态 14

    error     [使用规则 7 以归约 (features)]
    OBJECTID  [使用规则 7 以归约 (features)]
    '}'       使用规则 7 以归约 (features)

    features               转到状态 15
    feature                转到状态 16
    method_declaration     转到状态 17
    attribute_declaration  转到状态 18


状态 12

    5 class: CLASS TYPEID INHERITS TYPEID • '{' features '}' ';'

    '{'  偏移，并进入状态 19


状态 13

   12 feature: error • ';'

    ';'  偏移，并进入状态 20


状态 14

   13 method_declaration: OBJECTID • '(' formals ')' ':' TYPEID '{' expression '}'
   14 attribute_declaration: OBJECTID • ':' TYPEID
   15                      | OBJECTID • ':' TYPEID ASSIGN '{' expression '}'
   16                      | OBJECTID • ':' TYPEID ASSIGN expression

    '('  偏移，并进入状态 21
    ':'  偏移，并进入状态 22


状态 15

    4 class: CLASS TYPEID '{' features • '}' ';'
    9 features: features • feature

    error     偏移，并进入状态 13
    OBJECTID  偏移，并进入状态 14
    '}'       偏移，并进入状态 23

    feature                转到状态 24
    method_declaration     转到状态 17
    attribute_declaration  转到状态 18


状态 16

    8 features: feature •

    $default  使用规则 8 以归约 (features)


状态 17

   10 feature: method_declaration • ';'

    ';'  偏移，并进入状态 25


状态 18

   11 feature: attribute_declaration • ';'

    ';'  偏移，并进入状态 26


状态 19

    5 class: CLASS TYPEID INHERITS TYPEID '{' • features '}' ';'

    error     偏移，并进入状态 13
    OBJECTID  偏移，并进入状态 14

    error     [使用规则 7 以归约 (features)]
    OBJECTID  [使用规则 7 以归约 (features)]
    '}'       使用规则 7 以归约 (features)

    features               转到状态 27
    feature                转到状态 16
    method_declaration     转到状态 17
    attribute_declaration  转到状态 18


状态 20

   12 feature: error ';' •

    $default  使用规则 12 以归约 (feature)


状态 21

   13 method_declaration: OBJECTID '(' • formals ')' ':' TYPEID '{' expression '}'

    OBJECTID  偏移，并进入状态 28

    $default  使用规则 17 以归约 (formals)

    formals  转到状态 29
    formal   转到状态 30


状态 22

   14 attribute_declaration: OBJECTID ':' • TYPEID
   15                      | OBJECTID ':' • TYPEID ASSIGN '{' expression '}'
   16                      | OBJECTID ':' • TYPEID ASSIGN expression

    TYPEID  偏移，并进入状态 31


状态 23

    4 class: CLASS TYPEID '{' features '}' • ';'

    ';'  偏移，并进入状态 32


状态 24

    9 features: features feature •

    $default  使用规则 9 以归约 (features)


状态 25

   10 feature: method_declaration ';' •

    $default  使用规则 10 以归约 (feature)


状态 26

   11 feature: attribute_declaration ';' •

    $default  使用规则 11 以归约 (feature)


状态 27

    5 class: CLASS TYPEID INHERITS TYPEID '{' features • '}' ';'
    9 features: features • feature

    error     偏移，并进入状态 13
    OBJECTID  偏移，并进入状态 14
    '}'       偏移，并进入状态 33

    feature                转到状态 24
    method_declaration     转到状态 17
    attribute_declaration  转到状态 18


状态 28

   20 formal: OBJECTID • ':' TYPEID

    ':'  偏移，并进入状态 34


状态 29

   13 method_declaration: OBJECTID '(' formals • ')' ':' TYPEID '{' expression '}'
   19 formals: formals • ',' formal

    ')'  偏移，并进入状态 35
    ','  偏移，并进入状态 36


状态 30

   18 formals: formal •

    $default  使用规则 18 以归约 (formals)


状态 31

   14 attribute_declaration: OBJECTID ':' TYPEID •
   15                      | OBJECTID ':' TYPEID • ASSIGN '{' expression '}'
   16                      | OBJECTID ':' TYPEID • ASSIGN expression

    ASSIGN  偏移，并进入状态 37

    $default  使用规则 14 以归约 (attribute_declaration)


状态 32

    4 class: CLASS TYPEID '{' features '}' ';' •

    $default  使用规则 4 以归约 (class)


状态 33

    5 class: CLASS TYPEID INHERITS TYPEID '{' features '}' • ';'

    ';'  偏移，并进入状态 38


状态 34

   20 formal: OBJECTID ':' • TYPEID

    TYPEID  偏移，并进入状态 39


状态 35

   13 method_declaration: OBJECTID '(' formals ')' • ':' TYPEID '{' expression '}'

    ':'  偏移，并进入状态 40


状态 36

   19 formals: formals ',' • formal

    OBJECTID  偏移，并进入状态 28

    formal  转到状态 41


状态 37

   15 attribute_declaration: OBJECTID ':' TYPEID ASSIGN • '{' expression '}'
   16                      | OBJECTID ':' TYPEID ASSIGN • expression

    IF          偏移，并进入状态 42
    LET         偏移，并进入状态 43
    WHILE       偏移，并进入状态 44
    CASE        偏移，并进入状态 45
    NEW         偏移，并进入状态 46
    ISVOID      偏移，并进入状态 47
    STR_CONST   偏移，并进入状态 48
    INT_CONST   偏移，并进入状态 49
    BOOL_CONST  偏移，并进入状态 50
    OBJECTID    偏移，并进入状态 51
    NOT         偏移，并进入状态 52
    '~'         偏移，并进入状态 53
    '{'         偏移，并进入状态 54
    '('         偏移，并进入状态 55

    expression           转到状态 56
    dispatch_expression  转到状态 57


状态 38

    5 class: CLASS TYPEID INHERITS TYPEID '{' features '}' ';' •

    $default  使用规则 5 以归约 (class)


状态 39

   20 formal: OBJECTID ':' TYPEID •

    $default  使用规则 20 以归约 (formal)


状态 40

   13 method_declaration: OBJECTID '(' formals ')' ':' • TYPEID '{' expression '}'

    TYPEID  偏移，并进入状态 58


状态 41

   19 formals: formals ',' formal •

    $default  使用规则 19 以归约 (formals)


状态 42

   24 expression: IF • expression THEN expression
   25           | IF • expression THEN expression ELSE expression FI

    IF          偏移，并进入状态 42
    LET         偏移，并进入状态 43
    WHILE       偏移，并进入状态 44
    CASE        偏移，并进入状态 45
    NEW         偏移，并进入状态 46
    ISVOID      偏移，并进入状态 47
    STR_CONST   偏移，并进入状态 48
    INT_CONST   偏移，并进入状态 49
    BOOL_CONST  偏移，并进入状态 50
    OBJECTID    偏移，并进入状态 51
    NOT         偏移，并进入状态 52
    '~'         偏移，并进入状态 53
    '{'         偏移，并进入状态 59
    '('         偏移，并进入状态 55

    expression           转到状态 60
    dispatch_expression  转到状态 57


状态 43

   23 expression: LET • let_expression

    error     偏移，并进入状态 61
    OBJECTID  偏移，并进入状态 62

    let_expression  转到状态 63


状态 44

   26 expression: WHILE • expression LOOP expression POOL

    IF          偏移，并进入状态 42
    LET         偏移，并进入状态 43
    WHILE       偏移，并进入状态 44
    CASE        偏移，并进入状态 45
    NEW         偏移，并进入状态 46
    ISVOID      偏移，并进入状态 47
    STR_CONST   偏移，并进入状态 48
    INT_CONST   偏移，并进入状态 49
    BOOL_CONST  偏移，并进入状态 50
    OBJECTID    偏移，并进入状态 51
    NOT         偏移，并进入状态 52
    '~'         偏移，并进入状态 53
    '{'         偏移，并进入状态 59
    '('         偏移，并进入状态 55

    expression           转到状态 64
    dispatch_expression  转到状态 57


状态 45

   28 expression: CASE • expression OF branches ESAC

    IF          偏移，并进入状态 42
    LET         偏移，并进入状态 43
    WHILE       偏移，并进入状态 44
    CASE        偏移，并进入状态 45
    NEW         偏移，并进入状态 46
    ISVOID      偏移，并进入状态 47
    STR_CONST   偏移，并进入状态 48
    INT_CONST   偏移，并进入状态 49
    BOOL_CONST  偏移，并进入状态 50
    OBJECTID    偏移，并进入状态 51
    NOT         偏移，并进入状态 52
    '~'         偏移，并进入状态 53
    '{'         偏移，并进入状态 59
    '('         偏移，并进入状态 55

    expression           转到状态 65
    dispatch_expression  转到状态 57


状态 46

   29 expression: NEW • TYPEID

    TYPEID  偏移，并进入状态 66


状态 47

   30 expression: ISVOID • expression

    IF          偏移，并进入状态 42
    LET         偏移，并进入状态 43
    WHILE       偏移，并进入状态 44
    CASE        偏移，并进入状态 45
    NEW         偏移，并进入状态 46
    ISVOID      偏移，并进入状态 47
    STR_CONST   偏移，并进入状态 48
    INT_CONST   偏移，并进入状态 49
    BOOL_CONST  偏移，并进入状态 50
    OBJECTID    偏移，并进入状态 51
    NOT         偏移，并进入状态 52
    '~'         偏移，并进入状态 53
    '{'         偏移，并进入状态 59
    '('         偏移，并进入状态 55

    expression           转到状态 67
    dispatch_expression  转到状态 57


状态 48

   42 expression: STR_CONST •

    $default  使用规则 42 以归约 (expression)


状态 49

   41 expression: INT_CONST •

    $default  使用规则 41 以归约 (expression)


状态 50

   43 expression: BOOL_CONST •

    $default  使用规则 43 以归约 (expression)


状态 51

   21 expression: OBJECTID • ASSIGN expression
   44           | OBJECTID •
   59 dispatch_expression: OBJECTID • '(' ')'
   60                    | OBJECTID • '(' expression ')'
   61                    | OBJECTID • '(' expression arguments_expressions ')'

    ASSIGN  偏移，并进入状态 68
    '('     偏移，并进入状态 69

    $default  使用规则 44 以归约 (expression)


状态 52

   36 expression: NOT • expression

    IF          偏移，并进入状态 42
    LET         偏移，并进入状态 43
    WHILE       偏移，并进入状态 44
    CASE        偏移，并进入状态 45
    NEW         偏移，并进入状态 46
    ISVOID      偏移，并进入状态 47
    STR_CONST   偏移，并进入状态 48
    INT_CONST   偏移，并进入状态 49
    BOOL_CONST  偏移，并进入状态 50
    OBJECTID    偏移，并进入状态 51
    NOT         偏移，并进入状态 52
    '~'         偏移，并进入状态 53
    '{'         偏移，并进入状态 59
    '('         偏移，并进入状态 55

    expression           转到状态 70
    dispatch_expression  转到状态 57


状态 53

   35 expression: '~' • expression

    IF          偏移，并进入状态 42
    LET         偏移，并进入状态 43
    WHILE       偏移，并进入状态 44
    CASE        偏移，并进入状态 45
    NEW         偏移，并进入状态 46
    ISVOID      偏移，并进入状态 47
    STR_CONST   偏移，并进入状态 48
    INT_CONST   偏移，并进入状态 49
    BOOL_CONST  偏移，并进入状态 50
    OBJECTID    偏移，并进入状态 51
    NOT         偏移，并进入状态 52
    '~'         偏移，并进入状态 53
    '{'         偏移，并进入状态 59
    '('         偏移，并进入状态 55

    expression           转到状态 71
    dispatch_expression  转到状态 57


状态 54

   15 attribute_declaration: OBJECTID ':' TYPEID ASSIGN '{' • expression '}'
   27 expression: '{' • block_expressions '}'

    error       偏移，并进入状态 72
    IF          偏移，并进入状态 42
    LET         偏移，并进入状态 43
    WHILE       偏移，并进入状态 44
    CASE        偏移，并进入状态 45
    NEW         偏移，并进入状态 46
    ISVOID      偏移，并进入状态 47
    STR_CONST   偏移，并进入状态 48
    INT_CONST   偏移，并进入状态 49
    BOOL_CONST  偏移，并进入状态 50
    OBJECTID    偏移，并进入状态 51
    NOT         偏移，并进入状态 52
    '~'         偏移，并进入状态 53
    '{'         偏移，并进入状态 59
    '('         偏移，并进入状态 55

    expression           转到状态 73
    block_expressions    转到状态 74
    block_expression     转到状态 75
    dispatch_expression  转到状态 57


状态 55

   40 expression: '(' • expression ')'

    IF          偏移，并进入状态 42
    LET         偏移，并进入状态 43
    WHILE       偏移，并进入状态 44
    CASE        偏移，并进入状态 45
    NEW         偏移，并进入状态 46
    ISVOID      偏移，并进入状态 47
    STR_CONST   偏移，并进入状态 48
    INT_CONST   偏移，并进入状态 49
    BOOL_CONST  偏移，并进入状态 50
    OBJECTID    偏移，并进入状态 51
    NOT         偏移，并进入状态 52
    '~'         偏移，并进入状态 53
    '{'         偏移，并进入状态 59
    '('         偏移，并进入状态 55

    expression           转到状态 76
    dispatch_expression  转到状态 57


状态 56

   16 attribute_declaration: OBJECTID ':' TYPEID ASSIGN expression •
   31 expression: expression • '+' expression
   32           | expression • '-' expression
   33           | expression • '*' expression
   34           | expression • '/' expression
   37           | expression • LE expression
   38           | expression • '<' expression
   39           | expression • '=' expression
   62 dispatch_expression: expression • '.' OBJECTID '(' ')'
   63                    | expression • '.' OBJECTID '(' expression ')'
   64                    | expression • '.' OBJECTID '(' expression arguments_expressions ')'
   65                    | expression • '@' TYPEID '.' OBJECTID '(' ')'
   66                    | expression • '@' TYPEID '.' OBJECTID '(' expression ')'
   67                    | expression • '@' TYPEID '.' OBJECTID '(' expression arguments_expressions ')'

    LE   偏移，并进入状态 77
    '<'  偏移，并进入状态 78
    '='  偏移，并进入状态 79
    '+'  偏移，并进入状态 80
    '-'  偏移，并进入状态 81
    '*'  偏移，并进入状态 82
    '/'  偏移，并进入状态 83
    '@'  偏移，并进入状态 84
    '.'  偏移，并进入状态 85

    $default  使用规则 16 以归约 (attribute_declaration)


状态 57

   22 expression: dispatch_expression •

    $default  使用规则 22 以归约 (expression)


状态 58

   13 method_declaration: OBJECTID '(' formals ')' ':' TYPEID • '{' expression '}'

    '{'  偏移，并进入状态 86


状态 59

   27 expression: '{' • block_expressions '}'

    error       偏移，并进入状态 72
    IF          偏移，并进入状态 42
    LET         偏移，并进入状态 43
    WHILE       偏移，并进入状态 44
    CASE        偏移，并进入状态 45
    NEW         偏移，并进入状态 46
    ISVOID      偏移，并进入状态 47
    STR_CONST   偏移，并进入状态 48
    INT_CONST   偏移，并进入状态 49
    BOOL_CONST  偏移，并进入状态 50
    OBJECTID    偏移，并进入状态 51
    NOT         偏移，并进入状态 52
    '~'         偏移，并进入状态 53
    '{'         偏移，并进入状态 59
    '('         偏移，并进入状态 55

    expression           转到状态 87
    block_expressions    转到状态 74
    block_expression     转到状态 75
    dispatch_expression  转到状态 57


状态 60

   24 expression: IF expression • THEN expression
   25           | IF expression • THEN expression ELSE expression FI
   31           | expression • '+' expression
   32           | expression • '-' expression
   33           | expression • '*' expression
   34           | expression • '/' expression
   37           | expression • LE expression
   38           | expression • '<' expression
   39           | expression • '=' expression
   62 dispatch_expression: expression • '.' OBJECTID '(' ')'
   63                    | expression • '.' OBJECTID '(' expression ')'
   64                    | expression • '.' OBJECTID '(' expression arguments_expressions ')'
   65                    | expression • '@' TYPEID '.' OBJECTID '(' ')'
   66                    | expression • '@' TYPEID '.' OBJECTID '(' expression ')'
   67                    | expression • '@' TYPEID '.' OBJECTID '(' expression arguments_expressions ')'

    THEN  偏移，并进入状态 88
    LE    偏移，并进入状态 77
    '<'   偏移，并进入状态 78
    '='   偏移，并进入状态 79
    '+'   偏移，并进入状态 80
    '-'   偏移，并进入状态 81
    '*'   偏移，并进入状态 82
    '/'   偏移，并进入状态 83
    '@'   偏移，并进入状态 84
    '.'   偏移，并进入状态 85


状态 61

   56 let_expression: error • ','

    ','  偏移，并进入状态 89


状态 62

   54 let_expression: OBJECTID • ':' TYPEID let_assign IN expression
   55               | OBJECTID • ':' TYPEID let_assign ',' let_expression

    ':'  偏移，并进入状态 90


状态 63

   23 expression: LET let_expression •

    $default  使用规则 23 以归约 (expression)


状态 64

   26 expression: WHILE expression • LOOP expression POOL
   31           | expression • '+' expression
   32           | expression • '-' expression
   33           | expression • '*' expression
   34           | expression • '/' expression
   37           | expression • LE expression
   38           | expression • '<' expression
   39           | expression • '=' expression
   62 dispatch_expression: expression • '.' OBJECTID '(' ')'
   63                    | expression • '.' OBJECTID '(' expression ')'
   64                    | expression • '.' OBJECTID '(' expression arguments_expressions ')'
   65                    | expression • '@' TYPEID '.' OBJECTID '(' ')'
   66                    | expression • '@' TYPEID '.' OBJECTID '(' expression ')'
   67                    | expression • '@' TYPEID '.' OBJECTID '(' expression arguments_expressions ')'

    LOOP  偏移，并进入状态 91
    LE    偏移，并进入状态 77
    '<'   偏移，并进入状态 78
    '='   偏移，并进入状态 79
    '+'   偏移，并进入状态 80
    '-'   偏移，并进入状态 81
    '*'   偏移，并进入状态 82
    '/'   偏移，并进入状态 83
    '@'   偏移，并进入状态 84
    '.'   偏移，并进入状态 85


状态 65

   28 expression: CASE expression • OF branches ESAC
   31           | expression • '+' expression
   32           | expression • '-' expression
   33           | expression • '*' expression
   34           | expression • '/' expression
   37           | expression • LE expression
   38           | expression • '<' expression
   39           | expression • '=' expression
   62 dispatch_expression: expression • '.' OBJECTID '(' ')'
   63                    | expression • '.' OBJECTID '(' expression ')'
   64                    | expression • '.' OBJECTID '(' expression arguments_expressions ')'
   65                    | expression • '@' TYPEID '.' OBJECTID '(' ')'
   66                    | expression • '@' TYPEID '.' OBJECTID '(' expression ')'
   67                    | expression • '@' TYPEID '.' OBJECTID '(' expression arguments_expressions ')'

    OF   偏移，并进入状态 92
    LE   偏移，并进入状态 77
    '<'  偏移，并进入状态 78
    '='  偏移，并进入状态 79
    '+'  偏移，并进入状态 80
    '-'  偏移，并进入状态 81
    '*'  偏移，并进入状态 82
    '/'  偏移，并进入状态 83
    '@'  偏移，并进入状态 84
    '.'  偏移，并进入状态 85


状态 66

   29 expression: NEW TYPEID •

    $default  使用规则 29 以归约 (expression)


状态 67

   30 expression: ISVOID expression •
   31           | expression • '+' expression
   32           | expression • '-' expression
   33           | expression • '*' expression
   34           | expression • '/' expression
   37           | expression • LE expression
   38           | expression • '<' expression
   39           | expression • '=' expression
   62 dispatch_expression: expression • '.' OBJECTID '(' ')'
   63                    | expression • '.' OBJECTID '(' expression ')'
   64                    | expression • '.' OBJECTID '(' expression arguments_expressions ')'
   65                    | expression • '@' TYPEID '.' OBJECTID '(' ')'
   66                    | expression • '@' TYPEID '.' OBJECTID '(' expression ')'
   67                    | expression • '@' TYPEID '.' OBJECTID '(' expression arguments_expressions ')'

    '@'  偏移，并进入状态 84
    '.'  偏移，并进入状态 85

    $default  使用规则 30 以归约 (expression)


状态 68

   21 expression: OBJECTID ASSIGN • expression

    IF          偏移，并进入状态 42
    LET         偏移，并进入状态 43
    WHILE       偏移，并进入状态 44
    CASE        偏移，并进入状态 45
    NEW         偏移，并进入状态 46
    ISVOID      偏移，并进入状态 47
    STR_CONST   偏移，并进入状态 48
    INT_CONST   偏移，并进入状态 49
    BOOL_CONST  偏移，并进入状态 50
    OBJECTID    偏移，并进入状态 51
    NOT         偏移，并进入状态 52
    '~'         偏移，并进入状态 53
    '{'         偏移，并进入状态 59
    '('         偏移，并进入状态 55

    expression           转到状态 93
    dispatch_expression  转到状态 57


状态 69

   59 dispatch_expression: OBJECTID '(' • ')'
   60                    | OBJECTID '(' • expression ')'
   61                    | OBJECTID '(' • expression arguments_expressions ')'

    IF          偏移，并进入状态 42
    LET         偏移，并进入状态 43
    WHILE       偏移，并进入状态 44
    CASE        偏移，并进入状态 45
    NEW         偏移，并进入状态 46
    ISVOID      偏移，并进入状态 47
    STR_CONST   偏移，并进入状态 48
    INT_CONST   偏移，并进入状态 49
    BOOL_CONST  偏移，并进入状态 50
    OBJECTID    偏移，并进入状态 51
    NOT         偏移，并进入状态 52
    '~'         偏移，并进入状态 53
    '{'         偏移，并进入状态 59
    '('         偏移，并进入状态 55
    ')'         偏移，并进入状态 94

    expression           转到状态 95
    dispatch_expression  转到状态 57


状态 70

   31 expression: expression • '+' expression
   32           | expression • '-' expression
   33           | expression • '*' expression
   34           | expression • '/' expression
   36           | NOT expression •
   37           | expression • LE expression
   38           | expression • '<' expression
   39           | expression • '=' expression
   62 dispatch_expression: expression • '.' OBJECTID '(' ')'
   63                    | expression • '.' OBJECTID '(' expression ')'
   64                    | expression • '.' OBJECTID '(' expression arguments_expressions ')'
   65                    | expression • '@' TYPEID '.' OBJECTID '(' ')'
   66                    | expression • '@' TYPEID '.' OBJECTID '(' expression ')'
   67                    | expression • '@' TYPEID '.' OBJECTID '(' expression arguments_expressions ')'

    LE   偏移，并进入状态 77
    '<'  偏移，并进入状态 78
    '='  偏移，并进入状态 79
    '+'  偏移，并进入状态 80
    '-'  偏移，并进入状态 81
    '*'  偏移，并进入状态 82
    '/'  偏移，并进入状态 83
    '@'  偏移，并进入状态 84
    '.'  偏移，并进入状态 85

    $default  使用规则 36 以归约 (expression)


状态 71

   31 expression: expression • '+' expression
   32           | expression • '-' expression
   33           | expression • '*' expression
   34           | expression • '/' expression
   35           | '~' expression •
   37           | expression • LE expression
   38           | expression • '<' expression
   39           | expression • '=' expression
   62 dispatch_expression: expression • '.' OBJECTID '(' ')'
   63                    | expression • '.' OBJECTID '(' expression ')'
   64                    | expression • '.' OBJECTID '(' expression arguments_expressions ')'
   65                    | expression • '@' TYPEID '.' OBJECTID '(' ')'
   66                    | expression • '@' TYPEID '.' OBJECTID '(' expression ')'
   67                    | expression • '@' TYPEID '.' OBJECTID '(' expression arguments_expressions ')'

    '@'  偏移，并进入状态 84
    '.'  偏移，并进入状态 85

    $default  使用规则 35 以归约 (expression)


状态 72

   47 block_expressions: error • ';'

    ';'  偏移，并进入状态 96


状态 73

   15 attribute_declaration: OBJECTID ':' TYPEID ASSIGN '{' expression • '}'
   31 expression: expression • '+' expression
   32           | expression • '-' expression
   33           | expression • '*' expression
   34           | expression • '/' expression
   37           | expression • LE expression
   38           | expression • '<' expression
   39           | expression • '=' expression
   48 block_expression: expression • ';'
   62 dispatch_expression: expression • '.' OBJECTID '(' ')'
   63                    | expression • '.' OBJECTID '(' expression ')'
   64                    | expression • '.' OBJECTID '(' expression arguments_expressions ')'
   65                    | expression • '@' TYPEID '.' OBJECTID '(' ')'
   66                    | expression • '@' TYPEID '.' OBJECTID '(' expression ')'
   67                    | expression • '@' TYPEID '.' OBJECTID '(' expression arguments_expressions ')'

    LE   偏移，并进入状态 77
    '<'  偏移，并进入状态 78
    '='  偏移，并进入状态 79
    '+'  偏移，并进入状态 80
    '-'  偏移，并进入状态 81
    '*'  偏移，并进入状态 82
    '/'  偏移，并进入状态 83
    '@'  偏移，并进入状态 84
    '.'  偏移，并进入状态 85
    '}'  偏移，并进入状态 97
    ';'  偏移，并进入状态 98


状态 74

   27 expression: '{' block_expressions • '}'
   46 block_expressions: block_expressions • block_expression

    IF          偏移，并进入状态 42
    LET         偏移，并进入状态 43
    WHILE       偏移，并进入状态 44
    CASE        偏移，并进入状态 45
    NEW         偏移，并进入状态 46
    ISVOID      偏移，并进入状态 47
    STR_CONST   偏移，并进入状态 48
    INT_CONST   偏移，并进入状态 49
    BOOL_CONST  偏移，并进入状态 50
    OBJECTID    偏移，并进入状态 51
    NOT         偏移，并进入状态 52
    '~'         偏移，并进入状态 53
    '{'         偏移，并进入状态 59
    '}'         偏移，并进入状态 99
    '('         偏移，并进入状态 55

    expression           转到状态 87
    block_expression     转到状态 100
    dispatch_expression  转到状态 57


状态 75

   45 block_expressions: block_expression •

    $default  使用规则 45 以归约 (block_expressions)


状态 76

   31 expression: expression • '+' expression
   32           | expression • '-' expression
   33           | expression • '*' expression
   34           | expression • '/' expression
   37           | expression • LE expression
   38           | expression • '<' expression
   39           | expression • '=' expression
   40           | '(' expression • ')'
   62 dispatch_expression: expression • '.' OBJECTID '(' ')'
   63                    | expression • '.' OBJECTID '(' expression ')'
   64                    | expression • '.' OBJECTID '(' expression arguments_expressions ')'
   65                    | expression • '@' TYPEID '.' OBJECTID '(' ')'
   66                    | expression • '@' TYPEID '.' OBJECTID '(' expression ')'
   67                    | expression • '@' TYPEID '.' OBJECTID '(' expression arguments_expressions ')'

    LE   偏移，并进入状态 77
    '<'  偏移，并进入状态 78
    '='  偏移，并进入状态 79
    '+'  偏移，并进入状态 80
    '-'  偏移，并进入状态 81
    '*'  偏移，并进入状态 82
    '/'  偏移，并进入状态 83
    '@'  偏移，并进入状态 84
    '.'  偏移，并进入状态 85
    ')'  偏移，并进入状态 101


状态 77

   37 expression: expression LE • expression

    IF          偏移，并进入状态 42
    LET         偏移，并进入状态 43
    WHILE       偏移，并进入状态 44
    CASE        偏移，并进入状态 45
    NEW         偏移，并进入状态 46
    ISVOID      偏移，并进入状态 47
    STR_CONST   偏移，并进入状态 48
    INT_CONST   偏移，并进入状态 49
    BOOL_CONST  偏移，并进入状态 50
    OBJECTID    偏移，并进入状态 51
    NOT         偏移，并进入状态 52
    '~'         偏移，并进入状态 53
    '{'         偏移，并进入状态 59
    '('         偏移，并进入状态 55

    expression           转到状态 102
    dispatch_expression  转到状态 57


状态 78

   38 expression: expression '<' • expression

    IF          偏移，并进入状态 42
    LET         偏移，并进入状态 43
    WHILE       偏移，并进入状态 44
    CASE        偏移，并进入状态 45
    NEW         偏移，并进入状态 46
    ISVOID      偏移，并进入状态 47
    STR_CONST   偏移，并进入状态 48
    INT_CONST   偏移，并进入状态 49
    BOOL_CONST  偏移，并进入状态 50
    OBJECTID    偏移，并进入状态 51
    NOT         偏移，并进入状态 52
    '~'         偏移，并进入状态 53
    '{'         偏移，并进入状态 59
    '('         偏移，并进入状态 55

    expression           转到状态 103
    dispatch_expression  转到状态 57


状态 79

   39 expression: expression '=' • expression

    IF          偏移，并进入状态 42
    LET         偏移，并进入状态 43
    WHILE       偏移，并进入状态 44
    CASE        偏移，并进入状态 45
    NEW         偏移，并进入状态 46
    ISVOID      偏移，并进入状态 47
    STR_CONST   偏移，并进入状态 48
    INT_CONST   偏移，并进入状态 49
    BOOL_CONST  偏移，并进入状态 50
    OBJECTID    偏移，并进入状态 51
    NOT         偏移，并进入状态 52
    '~'         偏移，并进入状态 53
    '{'         偏移，并进入状态 59
    '('         偏移，并进入状态 55

    expression           转到状态 104
    dispatch_expression  转到状态 57


状态 80

   31 expression: expression '+' • expression

    IF          偏移，并进入状态 42
    LET         偏移，并进入状态 43
    WHILE       偏移，并进入状态 44
    CASE        偏移，并进入状态 45
    NEW         偏移，并进入状态 46
    ISVOID      偏移，并进入状态 47
    STR_CONST   偏移，并进入状态 48
    INT_CONST   偏移，并进入状态 49
    BOOL_CONST  偏移，并进入状态 50
    OBJECTID    偏移，并进入状态 51
    NOT         偏移，并进入状态 52
    '~'         偏移，并进入状态 53
    '{'         偏移，并进入状态 59
    '('         偏移，并进入状态 55

    expression           转到状态 105
    dispatch_expression  转到状态 57


状态 81

   32 expression: expression '-' • expression

    IF          偏移，并进入状态 42
    LET         偏移，并进入状态 43
    WHILE       偏移，并进入状态 44
    CASE        偏移，并进入状态 45
    NEW         偏移，并进入状态 46
    ISVOID      偏移，并进入状态 47
    STR_CONST   偏移，并进入状态 48
    INT_CONST   偏移，并进入状态 49
    BOOL_CONST  偏移，并进入状态 50
    OBJECTID    偏移，并进入状态 51
    NOT         偏移，并进入状态 52
    '~'         偏移，并进入状态 53
    '{'         偏移，并进入状态 59
    '('         偏移，并进入状态 55

    expression           转到状态 106
    dispatch_expression  转到状态 57


状态 82

   33 expression: expression '*' • expression

    IF          偏移，并进入状态 42
    LET         偏移，并进入状态 43
    WHILE       偏移，并进入状态 44
    CASE        偏移，并进入状态 45
    NEW         偏移，并进入状态 46
    ISVOID      偏移，并进入状态 47
    STR_CONST   偏移，并进入状态 48
    INT_CONST   偏移，并进入状态 49
    BOOL_CONST  偏移，并进入状态 50
    OBJECTID    偏移，并进入状态 51
    NOT         偏移，并进入状态 52
    '~'         偏移，并进入状态 53
    '{'         偏移，并进入状态 59
    '('         偏移，并进入状态 55

    expression           转到状态 107
    dispatch_expression  转到状态 57


状态 83

   34 expression: expression '/' • expression

    IF          偏移，并进入状态 42
    LET         偏移，并进入状态 43
    WHILE       偏移，并进入状态 44
    CASE        偏移，并进入状态 45
    NEW         偏移，并进入状态 46
    ISVOID      偏移，并进入状态 47
    STR_CONST   偏移，并进入状态 48
    INT_CONST   偏移，并进入状态 49
    BOOL_CONST  偏移，并进入状态 50
    OBJECTID    偏移，并进入状态 51
    NOT         偏移，并进入状态 52
    '~'         偏移，并进入状态 53
    '{'         偏移，并进入状态 59
    '('         偏移，并进入状态 55

    expression           转到状态 108
    dispatch_expression  转到状态 57


状态 84

   65 dispatch_expression: expression '@' • TYPEID '.' OBJECTID '(' ')'
   66                    | expression '@' • TYPEID '.' OBJECTID '(' expression ')'
   67                    | expression '@' • TYPEID '.' OBJECTID '(' expression arguments_expressions ')'

    TYPEID  偏移，并进入状态 109


状态 85

   62 dispatch_expression: expression '.' • OBJECTID '(' ')'
   63                    | expression '.' • OBJECTID '(' expression ')'
   64                    | expression '.' • OBJECTID '(' expression arguments_expressions ')'

    OBJECTID  偏移，并进入状态 110


状态 86

   13 method_declaration: OBJECTID '(' formals ')' ':' TYPEID '{' • expression '}'

    IF          偏移，并进入状态 42
    LET         偏移，并进入状态 43
    WHILE       偏移，并进入状态 44
    CASE        偏移，并进入状态 45
    NEW         偏移，并进入状态 46
    ISVOID      偏移，并进入状态 47
    STR_CONST   偏移，并进入状态 48
    INT_CONST   偏移，并进入状态 49
    BOOL_CONST  偏移，并进入状态 50
    OBJECTID    偏移，并进入状态 51
    NOT         偏移，并进入状态 52
    '~'         偏移，并进入状态 53
    '{'         偏移，并进入状态 59
    '('         偏移，并进入状态 55

    expression           转到状态 111
    dispatch_expression  转到状态 57


状态 87

   31 expression: expression • '+' expression
   32           | expression • '-' expression
   33           | expression • '*' expression
   34           | expression • '/' expression
   37           | expression • LE expression
   38           | expression • '<' expression
   39           | expression • '=' expression
   48 block_expression: expression • ';'
   62 dispatch_expression: expression • '.' OBJECTID '(' ')'
   63                    | expression • '.' OBJECTID '(' expression ')'
   64                    | expression • '.' OBJECTID '(' expression arguments_expressions ')'
   65                    | expression • '@' TYPEID '.' OBJECTID '(' ')'
   66                    | expression • '@' TYPEID '.' OBJECTID '(' expression ')'
   67                    | expression • '@' TYPEID '.' OBJECTID '(' expression arguments_expressions ')'

    LE   偏移，并进入状态 77
    '<'  偏移，并进入状态 78
    '='  偏移，并进入状态 79
    '+'  偏移，并进入状态 80
    '-'  偏移，并进入状态 81
    '*'  偏移，并进入状态 82
    '/'  偏移，并进入状态 83
    '@'  偏移，并进入状态 84
    '.'  偏移，并进入状态 85
    ';'  偏移，并进入状态 98


状态 88

   24 expression: IF expression THEN • expression
   25           | IF expression THEN • expression ELSE expression FI

    IF          偏移，并进入状态 42
    LET         偏移，并进入状态 43
    WHILE       偏移，并进入状态 44
    CASE        偏移，并进入状态 45
    NEW         偏移，并进入状态 46
    ISVOID      偏移，并进入状态 47
    STR_CONST   偏移，并进入状态 48
    INT_CONST   偏移，并进入状态 49
    BOOL_CONST  偏移，并进入状态 50
    OBJECTID    偏移，并进入状态 51
    NOT         偏移，并进入状态 52
    '~'         偏移，并进入状态 53
    '{'         偏移，并进入状态 59
    '('         偏移，并进入状态 55

    expression           转到状态 112
    dispatch_expression  转到状态 57


状态 89

   56 let_expression: error ',' •

    $default  使用规则 56 以归约 (let_expression)


状态 90

   54 let_expression: OBJECTID ':' • TYPEID let_assign IN expression
   55               | OBJECTID ':' • TYPEID let_assign ',' let_expression

    TYPEID  偏移，并进入状态 113


状态 91

   26 expression: WHILE expression LOOP • expression POOL

    IF          偏移，并进入状态 42
    LET         偏移，并进入状态 43
    WHILE       偏移，并进入状态 44
    CASE        偏移，并进入状态 45
    NEW         偏移，并进入状态 46
    ISVOID      偏移，并进入状态 47
    STR_CONST   偏移，并进入状态 48
    INT_CONST   偏移，并进入状态 49
    BOOL_CONST  偏移，并进入状态 50
    OBJECTID    偏移，并进入状态 51
    NOT         偏移，并进入状态 52
    '~'         偏移，并进入状态 53
    '{'         偏移，并进入状态 59
    '('         偏移，并进入状态 55

    expression           转到状态 114
    dispatch_expression  转到状态 57


状态 92

   28 expression: CASE expression OF • branches ESAC

    OBJECTID  偏移，并进入状态 115

    branches  转到状态 116
    branch    转到状态 117


状态 93

   21 expression: OBJECTID ASSIGN expression •
   31           | expression • '+' expression
   32           | expression • '-' expression
   33           | expression • '*' expression
   34           | expression • '/' expression
   37           | expression • LE expression
   38           | expression • '<' expression
   39           | expression • '=' expression
   62 dispatch_expression: expression • '.' OBJECTID '(' ')'
   63                    | expression • '.' OBJECTID '(' expression ')'
   64                    | expression • '.' OBJECTID '(' expression arguments_expressions ')'
   65                    | expression • '@' TYPEID '.' OBJECTID '(' ')'
   66                    | expression • '@' TYPEID '.' OBJECTID '(' expression ')'
   67                    | expression • '@' TYPEID '.' OBJECTID '(' expression arguments_expressions ')'

    LE   偏移，并进入状态 77
    '<'  偏移，并进入状态 78
    '='  偏移，并进入状态 79
    '+'  偏移，并进入状态 80
    '-'  偏移，并进入状态 81
    '*'  偏移，并进入状态 82
    '/'  偏移，并进入状态 83
    '@'  偏移，并进入状态 84
    '.'  偏移，并进入状态 85

    $default  使用规则 21 以归约 (expression)


状态 94

   59 dispatch_expression: OBJECTID '(' ')' •

    $default  使用规则 59 以归约 (dispatch_expression)


状态 95

   31 expression: expression • '+' expression
   32           | expression • '-' expression
   33           | expression • '*' expression
   34           | expression • '/' expression
   37           | expression • LE expression
   38           | expression • '<' expression
   39           | expression • '=' expression
   60 dispatch_expression: OBJECTID '(' expression • ')'
   61                    | OBJECTID '(' expression • arguments_expressions ')'
   62                    | expression • '.' OBJECTID '(' ')'
   63                    | expression • '.' OBJECTID '(' expression ')'
   64                    | expression • '.' OBJECTID '(' expression arguments_expressions ')'
   65                    | expression • '@' TYPEID '.' OBJECTID '(' ')'
   66                    | expression • '@' TYPEID '.' OBJECTID '(' expression ')'
   67                    | expression • '@' TYPEID '.' OBJECTID '(' expression arguments_expressions ')'

    LE   偏移，并进入状态 77
    '<'  偏移，并进入状态 78
    '='  偏移，并进入状态 79
    '+'  偏移，并进入状态 80
    '-'  偏移，并进入状态 81
    '*'  偏移，并进入状态 82
    '/'  偏移，并进入状态 83
    '@'  偏移，并进入状态 84
    '.'  偏移，并进入状态 85
    ')'  偏移，并进入状态 118
    ','  偏移，并进入状态 119

    arguments_expressions  转到状态 120


状态 96

   47 block_expressions: error ';' •

    $default  使用规则 47 以归约 (block_expressions)


状态 97

   15 attribute_declaration: OBJECTID ':' TYPEID ASSIGN '{' expression '}' •

    $default  使用规则 15 以归约 (attribute_declaration)


状态 98

   48 block_expression: expression ';' •

    $default  使用规则 48 以归约 (block_expression)


状态 99

   27 expression: '{' block_expressions '}' •

    $default  使用规则 27 以归约 (expression)


状态 100

   46 block_expressions: block_expressions block_expression •

    $default  使用规则 46 以归约 (block_expressions)


状态 101

   40 expression: '(' expression ')' •

    $default  使用规则 40 以归约 (expression)


状态 102

   31 expression: expression • '+' expression
   32           | expression • '-' expression
   33           | expression • '*' expression
   34           | expression • '/' expression
   37           | expression • LE expression
   37           | expression LE expression •
   38           | expression • '<' expression
   39           | expression • '=' expression
   62 dispatch_expression: expression • '.' OBJECTID '(' ')'
   63                    | expression • '.' OBJECTID '(' expression ')'
   64                    | expression • '.' OBJECTID '(' expression arguments_expressions ')'
   65                    | expression • '@' TYPEID '.' OBJECTID '(' ')'
   66                    | expression • '@' TYPEID '.' OBJECTID '(' expression ')'
   67                    | expression • '@' TYPEID '.' OBJECTID '(' expression arguments_expressions ')'

    '+'  偏移，并进入状态 80
    '-'  偏移，并进入状态 81
    '*'  偏移，并进入状态 82
    '/'  偏移，并进入状态 83
    '@'  偏移，并进入状态 84
    '.'  偏移，并进入状态 85

    LE   错误 (非相联的)
    '<'  错误 (非相联的)
    '='  错误 (非相联的)

    $default  使用规则 37 以归约 (expression)


状态 103

   31 expression: expression • '+' expression
   32           | expression • '-' expression
   33           | expression • '*' expression
   34           | expression • '/' expression
   37           | expression • LE expression
   38           | expression • '<' expression
   38           | expression '<' expression •
   39           | expression • '=' expression
   62 dispatch_expression: expression • '.' OBJECTID '(' ')'
   63                    | expression • '.' OBJECTID '(' expression ')'
   64                    | expression • '.' OBJECTID '(' expression arguments_expressions ')'
   65                    | expression • '@' TYPEID '.' OBJECTID '(' ')'
   66                    | expression • '@' TYPEID '.' OBJECTID '(' expression ')'
   67                    | expression • '@' TYPEID '.' OBJECTID '(' expression arguments_expressions ')'

    '+'  偏移，并进入状态 80
    '-'  偏移，并进入状态 81
    '*'  偏移，并进入状态 82
    '/'  偏移，并进入状态 83
    '@'  偏移，并进入状态 84
    '.'  偏移，并进入状态 85

    LE   错误 (非相联的)
    '<'  错误 (非相联的)
    '='  错误 (非相联的)

    $default  使用规则 38 以归约 (expression)


状态 104

   31 expression: expression • '+' expression
   32           | expression • '-' expression
   33           | expression • '*' expression
   34           | expression • '/' expression
   37           | expression • LE expression
   38           | expression • '<' expression
   39           | expression • '=' expression
   39           | expression '=' expression •
   62 dispatch_expression: expression • '.' OBJECTID '(' ')'
   63                    | expression • '.' OBJECTID '(' expression ')'
   64                    | expression • '.' OBJECTID '(' expression arguments_expressions ')'
   65                    | expression • '@' TYPEID '.' OBJECTID '(' ')'
   66                    | expression • '@' TYPEID '.' OBJECTID '(' expression ')'
   67                    | expression • '@' TYPEID '.' OBJECTID '(' expression arguments_expressions ')'

    '+'  偏移，并进入状态 80
    '-'  偏移，并进入状态 81
    '*'  偏移，并进入状态 82
    '/'  偏移，并进入状态 83
    '@'  偏移，并进入状态 84
    '.'  偏移，并进入状态 85

    LE   错误 (非相联的)
    '<'  错误 (非相联的)
    '='  错误 (非相联的)

    $default  使用规则 39 以归约 (expression)


状态 105

   31 expression: expression • '+' expression
   31           | expression '+' expression •
   32           | expression • '-' expression
   33           | expression • '*' expression
   34           | expression • '/' expression
   37           | expression • LE expression
   38           | expression • '<' expression
   39           | expression • '=' expression
   62 dispatch_expression: expression • '.' OBJECTID '(' ')'
   63                    | expression • '.' OBJECTID '(' expression ')'
   64                    | expression • '.' OBJECTID '(' expression arguments_expressions ')'
   65                    | expression • '@' TYPEID '.' OBJECTID '(' ')'
   66                    | expression • '@' TYPEID '.' OBJECTID '(' expression ')'
   67                    | expression • '@' TYPEID '.' OBJECTID '(' expression arguments_expressions ')'

    '*'  偏移，并进入状态 82
    '/'  偏移，并进入状态 83
    '@'  偏移，并进入状态 84
    '.'  偏移，并进入状态 85

    $default  使用规则 31 以归约 (expression)


状态 106

   31 expression: expression • '+' expression
   32           | expression • '-' expression
   32           | expression '-' expression •
   33           | expression • '*' expression
   34           | expression • '/' expression
   37           | expression • LE expression
   38           | expression • '<' expression
   39           | expression • '=' expression
   62 dispatch_expression: expression • '.' OBJECTID '(' ')'
   63                    | expression • '.' OBJECTID '(' expression ')'
   64                    | expression • '.' OBJECTID '(' expression arguments_expressions ')'
   65                    | expression • '@' TYPEID '.' OBJECTID '(' ')'
   66                    | expression • '@' TYPEID '.' OBJECTID '(' expression ')'
   67                    | expression • '@' TYPEID '.' OBJECTID '(' expression arguments_expressions ')'

    '*'  偏移，并进入状态 82
    '/'  偏移，并进入状态 83
    '@'  偏移，并进入状态 84
    '.'  偏移，并进入状态 85

    $default  使用规则 32 以归约 (expression)


状态 107

   31 expression: expression • '+' expression
   32           | expression • '-' expression
   33           | expression • '*' expression
   33           | expression '*' expression •
   34           | expression • '/' expression
   37           | expression • LE expression
   38           | expression • '<' expression
   39           | expression • '=' expression
   62 dispatch_expression: expression • '.' OBJECTID '(' ')'
   63                    | expression • '.' OBJECTID '(' expression ')'
   64                    | expression • '.' OBJECTID '(' expression arguments_expressions ')'
   65                    | expression • '@' TYPEID '.' OBJECTID '(' ')'
   66                    | expression • '@' TYPEID '.' OBJECTID '(' expression ')'
   67                    | expression • '@' TYPEID '.' OBJECTID '(' expression arguments_expressions ')'

    '@'  偏移，并进入状态 84
    '.'  偏移，并进入状态 85

    $default  使用规则 33 以归约 (expression)


状态 108

   31 expression: expression • '+' expression
   32           | expression • '-' expression
   33           | expression • '*' expression
   34           | expression • '/' expression
   34           | expression '/' expression •
   37           | expression • LE expression
   38           | expression • '<' expression
   39           | expression • '=' expression
   62 dispatch_expression: expression • '.' OBJECTID '(' ')'
   63                    | expression • '.' OBJECTID '(' expression ')'
   64                    | expression • '.' OBJECTID '(' expression arguments_expressions ')'
   65                    | expression • '@' TYPEID '.' OBJECTID '(' ')'
   66                    | expression • '@' TYPEID '.' OBJECTID '(' expression ')'
   67                    | expression • '@' TYPEID '.' OBJECTID '(' expression arguments_expressions ')'

    '@'  偏移，并进入状态 84
    '.'  偏移，并进入状态 85

    $default  使用规则 34 以归约 (expression)


状态 109

   65 dispatch_expression: expression '@' TYPEID • '.' OBJECTID '(' ')'
   66                    | expression '@' TYPEID • '.' OBJECTID '(' expression ')'
   67                    | expression '@' TYPEID • '.' OBJECTID '(' expression arguments_expressions ')'

    '.'  偏移，并进入状态 121


状态 110

   62 dispatch_expression: expression '.' OBJECTID • '(' ')'
   63                    | expression '.' OBJECTID • '(' expression ')'
   64                    | expression '.' OBJECTID • '(' expression arguments_expressions ')'

    '('  偏移，并进入状态 122


状态 111

   13 method_declaration: OBJECTID '(' formals ')' ':' TYPEID '{' expression • '}'
   31 expression: expression • '+' expression
   32           | expression • '-' expression
   33           | expression • '*' expression
   34           | expression • '/' expression
   37           | expression • LE expression
   38           | expression • '<' expression
   39           | expression • '=' expression
   62 dispatch_expression: expression • '.' OBJECTID '(' ')'
   63                    | expression • '.' OBJECTID '(' expression ')'
   64                    | expression • '.' OBJECTID '(' expression arguments_expressions ')'
   65                    | expression • '@' TYPEID '.' OBJECTID '(' ')'
   66                    | expression • '@' TYPEID '.' OBJECTID '(' expression ')'
   67                    | expression • '@' TYPEID '.' OBJECTID '(' expression arguments_expressions ')'

    LE   偏移，并进入状态 77
    '<'  偏移，并进入状态 78
    '='  偏移，并进入状态 79
    '+'  偏移，并进入状态 80
    '-'  偏移，并进入状态 81
    '*'  偏移，并进入状态 82
    '/'  偏移，并进入状态 83
    '@'  偏移，并进入状态 84
    '.'  偏移，并进入状态 85
    '}'  偏移，并进入状态 123


状态 112

   24 expression: IF expression THEN expression •
   25           | IF expression THEN expression • ELSE expression FI
   31           | expression • '+' expression
   32           | expression • '-' expression
   33           | expression • '*' expression
   34           | expression • '/' expression
   37           | expression • LE expression
   38           | expression • '<' expression
   39           | expression • '=' expression
   62 dispatch_expression: expression • '.' OBJECTID '(' ')'
   63                    | expression • '.' OBJECTID '(' expression ')'
   64                    | expression • '.' OBJECTID '(' expression arguments_expressions ')'
   65                    | expression • '@' TYPEID '.' OBJECTID '(' ')'
   66                    | expression • '@' TYPEID '.' OBJECTID '(' expression ')'
   67                    | expression • '@' TYPEID '.' OBJECTID '(' expression arguments_expressions ')'

    ELSE  偏移，并进入状态 124
    LE    偏移，并进入状态 77
    '<'   偏移，并进入状态 78
    '='   偏移，并进入状态 79
    '+'   偏移，并进入状态 80
    '-'   偏移，并进入状态 81
    '*'   偏移，并进入状态 82
    '/'   偏移，并进入状态 83
    '@'   偏移，并进入状态 84
    '.'   偏移，并进入状态 85

    ELSE      [使用规则 24 以归约 (expression)]
    LE        [使用规则 24 以归约 (expression)]
    '<'       [使用规则 24 以归约 (expression)]
    '='       [使用规则 24 以归约 (expression)]
    '+'       [使用规则 24 以归约 (expression)]
    '-'       [使用规则 24 以归约 (expression)]
    '*'       [使用规则 24 以归约 (expression)]
    '/'       [使用规则 24 以归约 (expression)]
    '@'       [使用规则 24 以归约 (expression)]
    '.'       [使用规则 24 以归约 (expression)]
    $default  使用规则 24 以归约 (expression)


状态 113

   54 let_expression: OBJECTID ':' TYPEID • let_assign IN expression
   55               | OBJECTID ':' TYPEID • let_assign ',' let_expression

    ASSIGN  偏移，并进入状态 125

    $default  使用规则 57 以归约 (let_assign)

    let_assign  转到状态 126


状态 114

   26 expression: WHILE expression LOOP expression • POOL
   31           | expression • '+' expression
   32           | expression • '-' expression
   33           | expression • '*' expression
   34           | expression • '/' expression
   37           | expression • LE expression
   38           | expression • '<' expression
   39           | expression • '=' expression
   62 dispatch_expression: expression • '.' OBJECTID '(' ')'
   63                    | expression • '.' OBJECTID '(' expression ')'
   64                    | expression • '.' OBJECTID '(' expression arguments_expressions ')'
   65                    | expression • '@' TYPEID '.' OBJECTID '(' ')'
   66                    | expression • '@' TYPEID '.' OBJECTID '(' expression ')'
   67                    | expression • '@' TYPEID '.' OBJECTID '(' expression arguments_expressions ')'

    POOL  偏移，并进入状态 127
    LE    偏移，并进入状态 77
    '<'   偏移，并进入状态 78
    '='   偏移，并进入状态 79
    '+'   偏移，并进入状态 80
    '-'   偏移，并进入状态 81
    '*'   偏移，并进入状态 82
    '/'   偏移，并进入状态 83
    '@'   偏移，并进入状态 84
    '.'   偏移，并进入状态 85


状态 115

   51 branch: OBJECTID • ':' TYPEID DARROW expression ';'

    ':'  偏移，并进入状态 128


状态 116

   28 expression: CASE expression OF branches • ESAC
   50 branches: branches • branch

    ESAC      偏移，并进入状态 129
    OBJECTID  偏移，并进入状态 115

    branch  转到状态 130


状态 117

   49 branches: branch •

    $default  使用规则 49 以归约 (branches)


状态 118

   60 dispatch_expression: OBJECTID '(' expression ')' •

    $default  使用规则 60 以归约 (dispatch_expression)


状态 119

   52 arguments_expressions: ',' • expression

    IF          偏移，并进入状态 42
    LET         偏移，并进入状态 43
    WHILE       偏移，并进入状态 44
    CASE        偏移，并进入状态 45
    NEW         偏移，并进入状态 46
    ISVOID      偏移，并进入状态 47
    STR_CONST   偏移，并进入状态 48
    INT_CONST   偏移，并进入状态 49
    BOOL_CONST  偏移，并进入状态 50
    OBJECTID    偏移，并进入状态 51
    NOT         偏移，并进入状态 52
    '~'         偏移，并进入状态 53
    '{'         偏移，并进入状态 59
    '('         偏移，并进入状态 55

    expression           转到状态 131
    dispatch_expression  转到状态 57


状态 120

   53 arguments_expressions: arguments_expressions • ',' expression
   61 dispatch_expression: OBJECTID '(' expression arguments_expressions • ')'

    ')'  偏移，并进入状态 132
    ','  偏移，并进入状态 133


状态 121

   65 dispatch_expression: expression '@' TYPEID '.' • OBJECTID '(' ')'
   66                    | expression '@' TYPEID '.' • OBJECTID '(' expression ')'
   67                    | expression '@' TYPEID '.' • OBJECTID '(' expression arguments_expressions ')'

    OBJECTID  偏移，并进入状态 134


状态 122

   62 dispatch_expression: expression '.' OBJECTID '(' • ')'
   63                    | expression '.' OBJECTID '(' • expression ')'
   64                    | expression '.' OBJECTID '(' • expression arguments_expressions ')'

    IF          偏移，并进入状态 42
    LET         偏移，并进入状态 43
    WHILE       偏移，并进入状态 44
    CASE        偏移，并进入状态 45
    NEW         偏移，并进入状态 46
    ISVOID      偏移，并进入状态 47
    STR_CONST   偏移，并进入状态 48
    INT_CONST   偏移，并进入状态 49
    BOOL_CONST  偏移，并进入状态 50
    OBJECTID    偏移，并进入状态 51
    NOT         偏移，并进入状态 52
    '~'         偏移，并进入状态 53
    '{'         偏移，并进入状态 59
    '('         偏移，并进入状态 55
    ')'         偏移，并进入状态 135

    expression           转到状态 136
    dispatch_expression  转到状态 57


状态 123

   13 method_declaration: OBJECTID '(' formals ')' ':' TYPEID '{' expression '}' •

    $default  使用规则 13 以归约 (method_declaration)


状态 124

   25 expression: IF expression THEN expression ELSE • expression FI

    IF          偏移，并进入状态 42
    LET         偏移，并进入状态 43
    WHILE       偏移，并进入状态 44
    CASE        偏移，并进入状态 45
    NEW         偏移，并进入状态 46
    ISVOID      偏移，并进入状态 47
    STR_CONST   偏移，并进入状态 48
    INT_CONST   偏移，并进入状态 49
    BOOL_CONST  偏移，并进入状态 50
    OBJECTID    偏移，并进入状态 51
    NOT         偏移，并进入状态 52
    '~'         偏移，并进入状态 53
    '{'         偏移，并进入状态 59
    '('         偏移，并进入状态 55

    expression           转到状态 137
    dispatch_expression  转到状态 57


状态 125

   58 let_assign: ASSIGN • expression

    IF          偏移，并进入状态 42
    LET         偏移，并进入状态 43
    WHILE       偏移，并进入状态 44
    CASE        偏移，并进入状态 45
    NEW         偏移，并进入状态 46
    ISVOID      偏移，并进入状态 47
    STR_CONST   偏移，并进入状态 48
    INT_CONST   偏移，并进入状态 49
    BOOL_CONST  偏移，并进入状态 50
    OBJECTID    偏移，并进入状态 51
    NOT         偏移，并进入状态 52
    '~'         偏移，并进入状态 53
    '{'         偏移，并进入状态 59
    '('         偏移，并进入状态 55

    expression           转到状态 138
    dispatch_expression  转到状态 57


状态 126

   54 let_expression: OBJECTID ':' TYPEID let_assign • IN expression
   55               | OBJECTID ':' TYPEID let_assign • ',' let_expression

    IN   偏移，并进入状态 139
    ','  偏移，并进入状态 140


状态 127

   26 expression: WHILE expression LOOP expression POOL •

    $default  使用规则 26 以归约 (expression)


状态 128

   51 branch: OBJECTID ':' • TYPEID DARROW expression ';'

    TYPEID  偏移，并进入状态 141


状态 129

   28 expression: CASE expression OF branches ESAC •

    $default  使用规则 28 以归约 (expression)


状态 130

   50 branches: branches branch •

    $default  使用规则 50 以归约 (branches)


状态 131

   31 expression: expression • '+' expression
   32           | expression • '-' expression
   33           | expression • '*' expression
   34           | expression • '/' expression
   37           | expression • LE expression
   38           | expression • '<' expression
   39           | expression • '=' expression
   52 arguments_expressions: ',' expression •
   62 dispatch_expression: expression • '.' OBJECTID '(' ')'
   63                    | expression • '.' OBJECTID '(' expression ')'
   64                    | expression • '.' OBJECTID '(' expression arguments_expressions ')'
   65                    | expression • '@' TYPEID '.' OBJECTID '(' ')'
   66                    | expression • '@' TYPEID '.' OBJECTID '(' expression ')'
   67                    | expression • '@' TYPEID '.' OBJECTID '(' expression arguments_expressions ')'

    LE   偏移，并进入状态 77
    '<'  偏移，并进入状态 78
    '='  偏移，并进入状态 79
    '+'  偏移，并进入状态 80
    '-'  偏移，并进入状态 81
    '*'  偏移，并进入状态 82
    '/'  偏移，并进入状态 83
    '@'  偏移，并进入状态 84
    '.'  偏移，并进入状态 85

    $default  使用规则 52 以归约 (arguments_expressions)


状态 132

   61 dispatch_expression: OBJECTID '(' expression arguments_expressions ')' •

    $default  使用规则 61 以归约 (dispatch_expression)


状态 133

   53 arguments_expressions: arguments_expressions ',' • expression

    IF          偏移，并进入状态 42
    LET         偏移，并进入状态 43
    WHILE       偏移，并进入状态 44
    CASE        偏移，并进入状态 45
    NEW         偏移，并进入状态 46
    ISVOID      偏移，并进入状态 47
    STR_CONST   偏移，并进入状态 48
    INT_CONST   偏移，并进入状态 49
    BOOL_CONST  偏移，并进入状态 50
    OBJECTID    偏移，并进入状态 51
    NOT         偏移，并进入状态 52
    '~'         偏移，并进入状态 53
    '{'         偏移，并进入状态 59
    '('         偏移，并进入状态 55

    expression           转到状态 142
    dispatch_expression  转到状态 57


状态 134

   65 dispatch_expression: expression '@' TYPEID '.' OBJECTID • '(' ')'
   66                    | expression '@' TYPEID '.' OBJECTID • '(' expression ')'
   67                    | expression '@' TYPEID '.' OBJECTID • '(' expression arguments_expressions ')'

    '('  偏移，并进入状态 143


状态 135

   62 dispatch_expression: expression '.' OBJECTID '(' ')' •

    $default  使用规则 62 以归约 (dispatch_expression)


状态 136

   31 expression: expression • '+' expression
   32           | expression • '-' expression
   33           | expression • '*' expression
   34           | expression • '/' expression
   37           | expression • LE expression
   38           | expression • '<' expression
   39           | expression • '=' expression
   62 dispatch_expression: expression • '.' OBJECTID '(' ')'
   63                    | expression • '.' OBJECTID '(' expression ')'
   63                    | expression '.' OBJECTID '(' expression • ')'
   64                    | expression • '.' OBJECTID '(' expression arguments_expressions ')'
   64                    | expression '.' OBJECTID '(' expression • arguments_expressions ')'
   65                    | expression • '@' TYPEID '.' OBJECTID '(' ')'
   66                    | expression • '@' TYPEID '.' OBJECTID '(' expression ')'
   67                    | expression • '@' TYPEID '.' OBJECTID '(' expression arguments_expressions ')'

    LE   偏移，并进入状态 77
    '<'  偏移，并进入状态 78
    '='  偏移，并进入状态 79
    '+'  偏移，并进入状态 80
    '-'  偏移，并进入状态 81
    '*'  偏移，并进入状态 82
    '/'  偏移，并进入状态 83
    '@'  偏移，并进入状态 84
    '.'  偏移，并进入状态 85
    ')'  偏移，并进入状态 144
    ','  偏移，并进入状态 119

    arguments_expressions  转到状态 145


状态 137

   25 expression: IF expression THEN expression ELSE expression • FI
   31           | expression • '+' expression
   32           | expression • '-' expression
   33           | expression • '*' expression
   34           | expression • '/' expression
   37           | expression • LE expression
   38           | expression • '<' expression
   39           | expression • '=' expression
   62 dispatch_expression: expression • '.' OBJECTID '(' ')'
   63                    | expression • '.' OBJECTID '(' expression ')'
   64                    | expression • '.' OBJECTID '(' expression arguments_expressions ')'
   65                    | expression • '@' TYPEID '.' OBJECTID '(' ')'
   66                    | expression • '@' TYPEID '.' OBJECTID '(' expression ')'
   67                    | expression • '@' TYPEID '.' OBJECTID '(' expression arguments_expressions ')'

    FI   偏移，并进入状态 146
    LE   偏移，并进入状态 77
    '<'  偏移，并进入状态 78
    '='  偏移，并进入状态 79
    '+'  偏移，并进入状态 80
    '-'  偏移，并进入状态 81
    '*'  偏移，并进入状态 82
    '/'  偏移，并进入状态 83
    '@'  偏移，并进入状态 84
    '.'  偏移，并进入状态 85


状态 138

   31 expression: expression • '+' expression
   32           | expression • '-' expression
   33           | expression • '*' expression
   34           | expression • '/' expression
   37           | expression • LE expression
   38           | expression • '<' expression
   39           | expression • '=' expression
   58 let_assign: ASSIGN expression •
   62 dispatch_expression: expression • '.' OBJECTID '(' ')'
   63                    | expression • '.' OBJECTID '(' expression ')'
   64                    | expression • '.' OBJECTID '(' expression arguments_expressions ')'
   65                    | expression • '@' TYPEID '.' OBJECTID '(' ')'
   66                    | expression • '@' TYPEID '.' OBJECTID '(' expression ')'
   67                    | expression • '@' TYPEID '.' OBJECTID '(' expression arguments_expressions ')'

    LE   偏移，并进入状态 77
    '<'  偏移，并进入状态 78
    '='  偏移，并进入状态 79
    '+'  偏移，并进入状态 80
    '-'  偏移，并进入状态 81
    '*'  偏移，并进入状态 82
    '/'  偏移，并进入状态 83
    '@'  偏移，并进入状态 84
    '.'  偏移，并进入状态 85

    $default  使用规则 58 以归约 (let_assign)


状态 139

   54 let_expression: OBJECTID ':' TYPEID let_assign IN • expression

    IF          偏移，并进入状态 42
    LET         偏移，并进入状态 43
    WHILE       偏移，并进入状态 44
    CASE        偏移，并进入状态 45
    NEW         偏移，并进入状态 46
    ISVOID      偏移，并进入状态 47
    STR_CONST   偏移，并进入状态 48
    INT_CONST   偏移，并进入状态 49
    BOOL_CONST  偏移，并进入状态 50
    OBJECTID    偏移，并进入状态 51
    NOT         偏移，并进入状态 52
    '~'         偏移，并进入状态 53
    '{'         偏移，并进入状态 59
    '('         偏移，并进入状态 55

    expression           转到状态 147
    dispatch_expression  转到状态 57


状态 140

   55 let_expression: OBJECTID ':' TYPEID let_assign ',' • let_expression

    error     偏移，并进入状态 61
    OBJECTID  偏移，并进入状态 62

    let_expression  转到状态 148


状态 141

   51 branch: OBJECTID ':' TYPEID • DARROW expression ';'

    DARROW  偏移，并进入状态 149


状态 142

   31 expression: expression • '+' expression
   32           | expression • '-' expression
   33           | expression • '*' expression
   34           | expression • '/' expression
   37           | expression • LE expression
   38           | expression • '<' expression
   39           | expression • '=' expression
   53 arguments_expressions: arguments_expressions ',' expression •
   62 dispatch_expression: expression • '.' OBJECTID '(' ')'
   63                    | expression • '.' OBJECTID '(' expression ')'
   64                    | expression • '.' OBJECTID '(' expression arguments_expressions ')'
   65                    | expression • '@' TYPEID '.' OBJECTID '(' ')'
   66                    | expression • '@' TYPEID '.' OBJECTID '(' expression ')'
   67                    | expression • '@' TYPEID '.' OBJECTID '(' expression arguments_expressions ')'

    LE   偏移，并进入状态 77
    '<'  偏移，并进入状态 78
    '='  偏移，并进入状态 79
    '+'  偏移，并进入状态 80
    '-'  偏移，并进入状态 81
    '*'  偏移，并进入状态 82
    '/'  偏移，并进入状态 83
    '@'  偏移，并进入状态 84
    '.'  偏移，并进入状态 85

    $default  使用规则 53 以归约 (arguments_expressions)


状态 143

   65 dispatch_expression: expression '@' TYPEID '.' OBJECTID '(' • ')'
   66                    | expression '@' TYPEID '.' OBJECTID '(' • expression ')'
   67                    | expression '@' TYPEID '.' OBJECTID '(' • expression arguments_expressions ')'

    IF          偏移，并进入状态 42
    LET         偏移，并进入状态 43
    WHILE       偏移，并进入状态 44
    CASE        偏移，并进入状态 45
    NEW         偏移，并进入状态 46
    ISVOID      偏移，并进入状态 47
    STR_CONST   偏移，并进入状态 48
    INT_CONST   偏移，并进入状态 49
    BOOL_CONST  偏移，并进入状态 50
    OBJECTID    偏移，并进入状态 51
    NOT         偏移，并进入状态 52
    '~'         偏移，并进入状态 53
    '{'         偏移，并进入状态 59
    '('         偏移，并进入状态 55
    ')'         偏移，并进入状态 150

    expression           转到状态 151
    dispatch_expression  转到状态 57


状态 144

   63 dispatch_expression: expression '.' OBJECTID '(' expression ')' •

    $default  使用规则 63 以归约 (dispatch_expression)


状态 145

   53 arguments_expressions: arguments_expressions • ',' expression
   64 dispatch_expression: expression '.' OBJECTID '(' expression arguments_expressions • ')'

    ')'  偏移，并进入状态 152
    ','  偏移，并进入状态 133


状态 146

   25 expression: IF expression THEN expression ELSE expression FI •

    $default  使用规则 25 以归约 (expression)


状态 147

   31 expression: expression • '+' expression
   32           | expression • '-' expression
   33           | expression • '*' expression
   34           | expression • '/' expression
   37           | expression • LE expression
   38           | expression • '<' expression
   39           | expression • '=' expression
   54 let_expression: OBJECTID ':' TYPEID let_assign IN expression •
   62 dispatch_expression: expression • '.' OBJECTID '(' ')'
   63                    | expression • '.' OBJECTID '(' expression ')'
   64                    | expression • '.' OBJECTID '(' expression arguments_expressions ')'
   65                    | expression • '@' TYPEID '.' OBJECTID '(' ')'
   66                    | expression • '@' TYPEID '.' OBJECTID '(' expression ')'
   67                    | expression • '@' TYPEID '.' OBJECTID '(' expression arguments_expressions ')'

    LE   偏移，并进入状态 77
    '<'  偏移，并进入状态 78
    '='  偏移，并进入状态 79
    '+'  偏移，并进入状态 80
    '-'  偏移，并进入状态 81
    '*'  偏移，并进入状态 82
    '/'  偏移，并进入状态 83
    '@'  偏移，并进入状态 84
    '.'  偏移，并进入状态 85

    LE        [使用规则 54 以归约 (let_expression)]
    '<'       [使用规则 54 以归约 (let_expression)]
    '='       [使用规则 54 以归约 (let_expression)]
    '+'       [使用规则 54 以归约 (let_expression)]
    '-'       [使用规则 54 以归约 (let_expression)]
    '*'       [使用规则 54 以归约 (let_expression)]
    '/'       [使用规则 54 以归约 (let_expression)]
    '@'       [使用规则 54 以归约 (let_expression)]
    '.'       [使用规则 54 以归约 (let_expression)]
    $default  使用规则 54 以归约 (let_expression)


状态 148

   55 let_expression: OBJECTID ':' TYPEID let_assign ',' let_expression •

    $default  使用规则 55 以归约 (let_expression)


状态 149

   51 branch: OBJECTID ':' TYPEID DARROW • expression ';'

    IF          偏移，并进入状态 42
    LET         偏移，并进入状态 43
    WHILE       偏移，并进入状态 44
    CASE        偏移，并进入状态 45
    NEW         偏移，并进入状态 46
    ISVOID      偏移，并进入状态 47
    STR_CONST   偏移，并进入状态 48
    INT_CONST   偏移，并进入状态 49
    BOOL_CONST  偏移，并进入状态 50
    OBJECTID    偏移，并进入状态 51
    NOT         偏移，并进入状态 52
    '~'         偏移，并进入状态 53
    '{'         偏移，并进入状态 59
    '('         偏移，并进入状态 55

    expression           转到状态 153
    dispatch_expression  转到状态 57


状态 150

   65 dispatch_expression: expression '@' TYPEID '.' OBJECTID '(' ')' •

    $default  使用规则 65 以归约 (dispatch_expression)


状态 151

   31 expression: expression • '+' expression
   32           | expression • '-' expression
   33           | expression • '*' expression
   34           | expression • '/' expression
   37           | expression • LE expression
   38           | expression • '<' expression
   39           | expression • '=' expression
   62 dispatch_expression: expression • '.' OBJECTID '(' ')'
   63                    | expression • '.' OBJECTID '(' expression ')'
   64                    | expression • '.' OBJECTID '(' expression arguments_expressions ')'
   65                    | expression • '@' TYPEID '.' OBJECTID '(' ')'
   66                    | expression • '@' TYPEID '.' OBJECTID '(' expression ')'
   66                    | expression '@' TYPEID '.' OBJECTID '(' expression • ')'
   67                    | expression • '@' TYPEID '.' OBJECTID '(' expression arguments_expressions ')'
   67                    | expression '@' TYPEID '.' OBJECTID '(' expression • arguments_expressions ')'

    LE   偏移，并进入状态 77
    '<'  偏移，并进入状态 78
    '='  偏移，并进入状态 79
    '+'  偏移，并进入状态 80
    '-'  偏移，并进入状态 81
    '*'  偏移，并进入状态 82
    '/'  偏移，并进入状态 83
    '@'  偏移，并进入状态 84
    '.'  偏移，并进入状态 85
    ')'  偏移，并进入状态 154
    ','  偏移，并进入状态 119

    arguments_expressions  转到状态 155


状态 152

   64 dispatch_expression: expression '.' OBJECTID '(' expression arguments_expressions ')' •

    $default  使用规则 64 以归约 (dispatch_expression)


状态 153

   31 expression: expression • '+' expression
   32           | expression • '-' expression
   33           | expression • '*' expression
   34           | expression • '/' expression
   37           | expression • LE expression
   38           | expression • '<' expression
   39           | expression • '=' expression
   51 branch: OBJECTID ':' TYPEID DARROW expression • ';'
   62 dispatch_expression: expression • '.' OBJECTID '(' ')'
   63                    | expression • '.' OBJECTID '(' expression ')'
   64                    | expression • '.' OBJECTID '(' expression arguments_expressions ')'
   65                    | expression • '@' TYPEID '.' OBJECTID '(' ')'
   66                    | expression • '@' TYPEID '.' OBJECTID '(' expression ')'
   67                    | expression • '@' TYPEID '.' OBJECTID '(' expression arguments_expressions ')'

    LE   偏移，并进入状态 77
    '<'  偏移，并进入状态 78
    '='  偏移，并进入状态 79
    '+'  偏移，并进入状态 80
    '-'  偏移，并进入状态 81
    '*'  偏移，并进入状态 82
    '/'  偏移，并进入状态 83
    '@'  偏移，并进入状态 84
    '.'  偏移，并进入状态 85
    ';'  偏移，并进入状态 156


状态 154

   66 dispatch_expression: expression '@' TYPEID '.' OBJECTID '(' expression ')' •

    $default  使用规则 66 以归约 (dispatch_expression)


状态 155

   53 arguments_expressions: arguments_expressions • ',' expression
   67 dispatch_expression: expression '@' TYPEID '.' OBJECTID '(' expression arguments_expressions • ')'

    ')'  偏移，并进入状态 157
    ','  偏移，并进入状态 133


状态 156

   51 branch: OBJECTID ':' TYPEID DARROW expression ';' •

    $default  使用规则 51 以归约 (branch)


状态 157

   67 dispatch_expression: expression '@' TYPEID '.' OBJECTID '(' expression arguments_expressions ')' •

    $default  使用规则 67 以归约 (dispatch_expression)
